2019-06-28 16:49:11,901 - root - ERROR - utils  - 152 - Teuful(cage-p16427)报错信息：保存失败
Traceback (most recent call last):
  File "C:\Users\BruceChen\Desktop\Demo\reviews\utils.py", line 161, in save_db
    c.execute(sql)
cx_Oracle.IntegrityError: ORA-00001: 违反唯一约束条件 (EIP.SKU_PK)
2019-06-28 16:49:12,013 - root - ERROR - utils  - 152 - Teuful(cage-p16427)报错信息：保存失败
Traceback (most recent call last):
  File "C:\Users\BruceChen\Desktop\Demo\reviews\utils.py", line 161, in save_db
    c.execute(sql)
cx_Oracle.IntegrityError: ORA-00001: 违反唯一约束条件 (EIP.ECOMMERCE_REVIEW_PK)
2019-06-28 16:49:12,106 - root - ERROR - utils  - 152 - Teuful(cage-p16427)报错信息：保存失败
Traceback (most recent call last):
  File "C:\Users\BruceChen\Desktop\Demo\reviews\utils.py", line 161, in save_db
    c.execute(sql)
cx_Oracle.IntegrityError: ORA-00001: 违反唯一约束条件 (EIP.ECOMMERCE_REVIEW_PK)
2019-06-28 16:49:12,264 - root - ERROR - utils  - 152 - Teuful(cage-p16427)报错信息：保存失败
Traceback (most recent call last):
  File "C:\Users\BruceChen\Desktop\Demo\reviews\utils.py", line 161, in save_db
    c.execute(sql)
cx_Oracle.IntegrityError: ORA-00001: 违反唯一约束条件 (EIP.ECOMMERCE_REVIEW_PK)
2019-06-28 16:49:12,398 - root - ERROR - utils  - 152 - Teuful(cage-p16427)报错信息：保存失败
Traceback (most recent call last):
  File "C:\Users\BruceChen\Desktop\Demo\reviews\utils.py", line 161, in save_db
    c.execute(sql)
UnicodeEncodeError: 'gbk' codec can't encode character '\xdc' in position 268: illegal multibyte sequence
2019-06-28 16:49:12,530 - root - ERROR - utils  - 152 - Teuful(cage-p16427)报错信息：保存失败
Traceback (most recent call last):
  File "C:\Users\BruceChen\Desktop\Demo\reviews\utils.py", line 161, in save_db
    c.execute(sql)
cx_Oracle.IntegrityError: ORA-00001: 违反唯一约束条件 (EIP.ECOMMERCE_REVIEW_PK)
2019-06-28 16:49:17,778 - root - ERROR - utils  - 152 - Teuful(cage-p16427)报错信息：保存失败
Traceback (most recent call last):
  File "C:\Users\BruceChen\Desktop\Demo\reviews\utils.py", line 161, in save_db
    c.execute(sql)
cx_Oracle.IntegrityError: ORA-00001: 违反唯一约束条件 (EIP.ECOMMERCE_REVIEW_PK)
2019-06-28 16:49:17,909 - root - ERROR - utils  - 152 - Teuful(cage-p16427)报错信息：保存失败
Traceback (most recent call last):
  File "C:\Users\BruceChen\Desktop\Demo\reviews\utils.py", line 161, in save_db
    c.execute(sql)
cx_Oracle.IntegrityError: ORA-00001: 违反唯一约束条件 (EIP.ECOMMERCE_REVIEW_PK)
2019-06-28 16:49:18,040 - root - ERROR - utils  - 152 - Teuful(cage-p16427)报错信息：保存失败
Traceback (most recent call last):
  File "C:\Users\BruceChen\Desktop\Demo\reviews\utils.py", line 161, in save_db
    c.execute(sql)
cx_Oracle.IntegrityError: ORA-00001: 违反唯一约束条件 (EIP.ECOMMERCE_REVIEW_PK)
2019-06-28 16:49:18,175 - root - ERROR - utils  - 152 - Teuful(cage-p16427)报错信息：保存失败
Traceback (most recent call last):
  File "C:\Users\BruceChen\Desktop\Demo\reviews\utils.py", line 161, in save_db
    c.execute(sql)
cx_Oracle.IntegrityError: ORA-00001: 违反唯一约束条件 (EIP.ECOMMERCE_REVIEW_PK)
2019-06-28 16:49:18,264 - root - ERROR - utils  - 152 - Teuful(cage-p16427)报错信息：保存失败
Traceback (most recent call last):
  File "C:\Users\BruceChen\Desktop\Demo\reviews\utils.py", line 161, in save_db
    c.execute(sql)
cx_Oracle.IntegrityError: ORA-00001: 违反唯一约束条件 (EIP.ECOMMERCE_REVIEW_PK)
2019-06-28 16:49:23,506 - root - ERROR - utils  - 152 - Teuful(cage-p16427)报错信息：保存失败
Traceback (most recent call last):
  File "C:\Users\BruceChen\Desktop\Demo\reviews\utils.py", line 161, in save_db
    c.execute(sql)
cx_Oracle.IntegrityError: ORA-00001: 违反唯一约束条件 (EIP.ECOMMERCE_REVIEW_PK)
2019-06-28 16:49:23,633 - root - ERROR - utils  - 152 - Teuful(cage-p16427)报错信息：保存失败
Traceback (most recent call last):
  File "C:\Users\BruceChen\Desktop\Demo\reviews\utils.py", line 161, in save_db
    c.execute(sql)
cx_Oracle.IntegrityError: ORA-00001: 违反唯一约束条件 (EIP.ECOMMERCE_REVIEW_PK)
2019-06-28 16:49:23,715 - root - ERROR - utils  - 152 - Teuful(cage-p16427)报错信息：保存失败
Traceback (most recent call last):
  File "C:\Users\BruceChen\Desktop\Demo\reviews\utils.py", line 161, in save_db
    c.execute(sql)
UnicodeEncodeError: 'gbk' codec can't encode character '\xf6' in position 280: illegal multibyte sequence
2019-06-28 16:49:23,851 - root - ERROR - utils  - 152 - Teuful(cage-p16427)报错信息：保存失败
Traceback (most recent call last):
  File "C:\Users\BruceChen\Desktop\Demo\reviews\utils.py", line 161, in save_db
    c.execute(sql)
cx_Oracle.IntegrityError: ORA-00001: 违反唯一约束条件 (EIP.ECOMMERCE_REVIEW_PK)
2019-06-28 16:49:23,935 - root - ERROR - utils  - 152 - Teuful(cage-p16427)报错信息：保存失败
Traceback (most recent call last):
  File "C:\Users\BruceChen\Desktop\Demo\reviews\utils.py", line 161, in save_db
    c.execute(sql)
UnicodeEncodeError: 'gbk' codec can't encode character '\xf6' in position 262: illegal multibyte sequence
2019-06-28 16:49:29,123 - root - ERROR - utils  - 152 - Teuful(cage-p16427)报错信息：保存失败
Traceback (most recent call last):
  File "C:\Users\BruceChen\Desktop\Demo\reviews\utils.py", line 161, in save_db
    c.execute(sql)
UnicodeEncodeError: 'gbk' codec can't encode character '\xf6' in position 264: illegal multibyte sequence
2019-06-28 16:49:29,255 - root - ERROR - utils  - 152 - Teuful(cage-p16427)报错信息：保存失败
Traceback (most recent call last):
  File "C:\Users\BruceChen\Desktop\Demo\reviews\utils.py", line 161, in save_db
    c.execute(sql)
cx_Oracle.IntegrityError: ORA-00001: 违反唯一约束条件 (EIP.ECOMMERCE_REVIEW_PK)
2019-06-28 16:49:29,377 - root - ERROR - utils  - 152 - Teuful(cage-p16427)报错信息：保存失败
Traceback (most recent call last):
  File "C:\Users\BruceChen\Desktop\Demo\reviews\utils.py", line 161, in save_db
    c.execute(sql)
UnicodeEncodeError: 'gbk' codec can't encode character '\xe4' in position 281: illegal multibyte sequence
2019-06-28 16:49:29,464 - root - ERROR - utils  - 152 - Teuful(cage-p16427)报错信息：保存失败
Traceback (most recent call last):
  File "C:\Users\BruceChen\Desktop\Demo\reviews\utils.py", line 161, in save_db
    c.execute(sql)
cx_Oracle.IntegrityError: ORA-00001: 违反唯一约束条件 (EIP.ECOMMERCE_REVIEW_PK)
2019-06-28 16:49:29,552 - root - ERROR - utils  - 152 - Teuful(cage-p16427)报错信息：保存失败
Traceback (most recent call last):
  File "C:\Users\BruceChen\Desktop\Demo\reviews\utils.py", line 161, in save_db
    c.execute(sql)
cx_Oracle.IntegrityError: ORA-00001: 违反唯一约束条件 (EIP.ECOMMERCE_REVIEW_PK)
2019-06-28 16:49:34,781 - root - ERROR - utils  - 152 - Teuful(cage-p16427)报错信息：保存失败
Traceback (most recent call last):
  File "C:\Users\BruceChen\Desktop\Demo\reviews\utils.py", line 161, in save_db
    c.execute(sql)
UnicodeEncodeError: 'gbk' codec can't encode character '\xf6' in position 279: illegal multibyte sequence
2019-06-28 16:49:34,871 - root - ERROR - utils  - 152 - Teuful(cage-p16427)报错信息：保存失败
Traceback (most recent call last):
  File "C:\Users\BruceChen\Desktop\Demo\reviews\utils.py", line 161, in save_db
    c.execute(sql)
cx_Oracle.IntegrityError: ORA-00001: 违反唯一约束条件 (EIP.ECOMMERCE_REVIEW_PK)
2019-06-28 16:49:34,960 - root - ERROR - utils  - 152 - Teuful(cage-p16427)报错信息：保存失败
Traceback (most recent call last):
  File "C:\Users\BruceChen\Desktop\Demo\reviews\utils.py", line 161, in save_db
    c.execute(sql)
cx_Oracle.IntegrityError: ORA-00001: 违反唯一约束条件 (EIP.ECOMMERCE_REVIEW_PK)
2019-06-28 16:49:35,059 - root - ERROR - utils  - 152 - Teuful(cage-p16427)报错信息：保存失败
Traceback (most recent call last):
  File "C:\Users\BruceChen\Desktop\Demo\reviews\utils.py", line 161, in save_db
    c.execute(sql)
cx_Oracle.IntegrityError: ORA-00001: 违反唯一约束条件 (EIP.ECOMMERCE_REVIEW_PK)
2019-06-28 16:49:35,194 - root - ERROR - utils  - 152 - Teuful(cage-p16427)报错信息：保存失败
Traceback (most recent call last):
  File "C:\Users\BruceChen\Desktop\Demo\reviews\utils.py", line 161, in save_db
    c.execute(sql)
cx_Oracle.IntegrityError: ORA-00001: 违反唯一约束条件 (EIP.ECOMMERCE_REVIEW_PK)
2019-06-28 16:49:40,443 - root - ERROR - utils  - 152 - Teuful(cage-p16427)报错信息：保存失败
Traceback (most recent call last):
  File "C:\Users\BruceChen\Desktop\Demo\reviews\utils.py", line 161, in save_db
    c.execute(sql)
cx_Oracle.IntegrityError: ORA-00001: 违反唯一约束条件 (EIP.ECOMMERCE_REVIEW_PK)
2019-06-28 16:49:40,529 - root - ERROR - utils  - 152 - Teuful(cage-p16427)报错信息：保存失败
Traceback (most recent call last):
  File "C:\Users\BruceChen\Desktop\Demo\reviews\utils.py", line 161, in save_db
    c.execute(sql)
cx_Oracle.IntegrityError: ORA-00001: 违反唯一约束条件 (EIP.ECOMMERCE_REVIEW_PK)
2019-06-28 16:49:40,657 - root - ERROR - utils  - 152 - Teuful(cage-p16427)报错信息：保存失败
Traceback (most recent call last):
  File "C:\Users\BruceChen\Desktop\Demo\reviews\utils.py", line 161, in save_db
    c.execute(sql)
cx_Oracle.IntegrityError: ORA-00001: 违反唯一约束条件 (EIP.ECOMMERCE_REVIEW_PK)
2019-06-28 16:49:40,794 - root - ERROR - utils  - 152 - Teuful(cage-p16427)报错信息：保存失败
Traceback (most recent call last):
  File "C:\Users\BruceChen\Desktop\Demo\reviews\utils.py", line 161, in save_db
    c.execute(sql)
cx_Oracle.IntegrityError: ORA-00001: 违反唯一约束条件 (EIP.ECOMMERCE_REVIEW_PK)
2019-06-28 16:49:40,884 - root - ERROR - utils  - 152 - Teuful(cage-p16427)报错信息：保存失败
Traceback (most recent call last):
  File "C:\Users\BruceChen\Desktop\Demo\reviews\utils.py", line 161, in save_db
    c.execute(sql)
cx_Oracle.IntegrityError: ORA-00001: 违反唯一约束条件 (EIP.ECOMMERCE_REVIEW_PK)
2019-06-28 16:49:46,120 - root - ERROR - utils  - 152 - Teuful(cage-p16427)报错信息：保存失败
Traceback (most recent call last):
  File "C:\Users\BruceChen\Desktop\Demo\reviews\utils.py", line 161, in save_db
    c.execute(sql)
UnicodeEncodeError: 'gbk' codec can't encode character '\xe4' in position 278: illegal multibyte sequence
2019-06-28 16:49:46,249 - root - ERROR - utils  - 152 - Teuful(cage-p16427)报错信息：保存失败
Traceback (most recent call last):
  File "C:\Users\BruceChen\Desktop\Demo\reviews\utils.py", line 161, in save_db
    c.execute(sql)
cx_Oracle.IntegrityError: ORA-00001: 违反唯一约束条件 (EIP.ECOMMERCE_REVIEW_PK)
2019-06-28 16:49:46,377 - root - ERROR - utils  - 152 - Teuful(cage-p16427)报错信息：保存失败
Traceback (most recent call last):
  File "C:\Users\BruceChen\Desktop\Demo\reviews\utils.py", line 161, in save_db
    c.execute(sql)
cx_Oracle.IntegrityError: ORA-00001: 违反唯一约束条件 (EIP.ECOMMERCE_REVIEW_PK)
2019-06-28 16:49:46,512 - root - ERROR - utils  - 152 - Teuful(cage-p16427)报错信息：保存失败
Traceback (most recent call last):
  File "C:\Users\BruceChen\Desktop\Demo\reviews\utils.py", line 161, in save_db
    c.execute(sql)
cx_Oracle.IntegrityError: ORA-00001: 违反唯一约束条件 (EIP.ECOMMERCE_REVIEW_PK)
2019-06-28 16:49:46,599 - root - ERROR - utils  - 152 - Teuful(cage-p16427)报错信息：保存失败
Traceback (most recent call last):
  File "C:\Users\BruceChen\Desktop\Demo\reviews\utils.py", line 161, in save_db
    c.execute(sql)
cx_Oracle.IntegrityError: ORA-00001: 违反唯一约束条件 (EIP.ECOMMERCE_REVIEW_PK)
2019-06-28 16:49:51,771 - root - ERROR - utils  - 152 - Teuful(cage-p16427)报错信息：保存失败
Traceback (most recent call last):
  File "C:\Users\BruceChen\Desktop\Demo\reviews\utils.py", line 161, in save_db
    c.execute(sql)
UnicodeEncodeError: 'gbk' codec can't encode character '\xd6' in position 251: illegal multibyte sequence
2019-06-28 16:49:51,854 - root - ERROR - utils  - 152 - Teuful(cage-p16427)报错信息：保存失败
Traceback (most recent call last):
  File "C:\Users\BruceChen\Desktop\Demo\reviews\utils.py", line 161, in save_db
    c.execute(sql)
cx_Oracle.IntegrityError: ORA-00001: 违反唯一约束条件 (EIP.ECOMMERCE_REVIEW_PK)
2019-06-28 16:49:51,979 - root - ERROR - utils  - 152 - Teuful(cage-p16427)报错信息：保存失败
Traceback (most recent call last):
  File "C:\Users\BruceChen\Desktop\Demo\reviews\utils.py", line 161, in save_db
    c.execute(sql)
cx_Oracle.IntegrityError: ORA-00001: 违反唯一约束条件 (EIP.ECOMMERCE_REVIEW_PK)
2019-06-28 16:49:52,119 - root - ERROR - utils  - 152 - Teuful(cage-p16427)报错信息：保存失败
Traceback (most recent call last):
  File "C:\Users\BruceChen\Desktop\Demo\reviews\utils.py", line 161, in save_db
    c.execute(sql)
cx_Oracle.IntegrityError: ORA-00001: 违反唯一约束条件 (EIP.ECOMMERCE_REVIEW_PK)
2019-06-28 16:49:52,250 - root - ERROR - utils  - 152 - Teuful(cage-p16427)报错信息：保存失败
Traceback (most recent call last):
  File "C:\Users\BruceChen\Desktop\Demo\reviews\utils.py", line 161, in save_db
    c.execute(sql)
cx_Oracle.IntegrityError: ORA-00001: 违反唯一约束条件 (EIP.ECOMMERCE_REVIEW_PK)
2019-06-28 16:49:57,493 - root - ERROR - utils  - 152 - Teuful(cage-p16427)报错信息：保存失败
Traceback (most recent call last):
  File "C:\Users\BruceChen\Desktop\Demo\reviews\utils.py", line 161, in save_db
    c.execute(sql)
cx_Oracle.IntegrityError: ORA-00001: 违反唯一约束条件 (EIP.ECOMMERCE_REVIEW_PK)
2019-06-28 16:49:57,627 - root - ERROR - utils  - 152 - Teuful(cage-p16427)报错信息：保存失败
Traceback (most recent call last):
  File "C:\Users\BruceChen\Desktop\Demo\reviews\utils.py", line 161, in save_db
    c.execute(sql)
cx_Oracle.IntegrityError: ORA-00001: 违反唯一约束条件 (EIP.ECOMMERCE_REVIEW_PK)
2019-06-28 16:49:57,714 - root - ERROR - utils  - 152 - Teuful(cage-p16427)报错信息：保存失败
Traceback (most recent call last):
  File "C:\Users\BruceChen\Desktop\Demo\reviews\utils.py", line 161, in save_db
    c.execute(sql)
cx_Oracle.IntegrityError: ORA-00001: 违反唯一约束条件 (EIP.ECOMMERCE_REVIEW_PK)
2019-06-28 16:49:57,846 - root - ERROR - utils  - 152 - Teuful(cage-p16427)报错信息：保存失败
Traceback (most recent call last):
  File "C:\Users\BruceChen\Desktop\Demo\reviews\utils.py", line 161, in save_db
    c.execute(sql)
UnicodeEncodeError: 'gbk' codec can't encode character '\xe4' in position 302: illegal multibyte sequence
2019-06-28 16:49:57,980 - root - ERROR - utils  - 152 - Teuful(cage-p16427)报错信息：保存失败
Traceback (most recent call last):
  File "C:\Users\BruceChen\Desktop\Demo\reviews\utils.py", line 161, in save_db
    c.execute(sql)
cx_Oracle.IntegrityError: ORA-00001: 违反唯一约束条件 (EIP.ECOMMERCE_REVIEW_PK)
2019-06-28 16:50:03,214 - root - ERROR - utils  - 152 - Teuful(cage-p16427)报错信息：保存失败
Traceback (most recent call last):
  File "C:\Users\BruceChen\Desktop\Demo\reviews\utils.py", line 161, in save_db
    c.execute(sql)
UnicodeEncodeError: 'gbk' codec can't encode character '\xf6' in position 268: illegal multibyte sequence
2019-06-28 16:50:03,350 - root - ERROR - utils  - 152 - Teuful(cage-p16427)报错信息：保存失败
Traceback (most recent call last):
  File "C:\Users\BruceChen\Desktop\Demo\reviews\utils.py", line 161, in save_db
    c.execute(sql)
cx_Oracle.IntegrityError: ORA-00001: 违反唯一约束条件 (EIP.ECOMMERCE_REVIEW_PK)
2019-06-28 16:50:03,475 - root - ERROR - utils  - 152 - Teuful(cage-p16427)报错信息：保存失败
Traceback (most recent call last):
  File "C:\Users\BruceChen\Desktop\Demo\reviews\utils.py", line 161, in save_db
    c.execute(sql)
UnicodeEncodeError: 'gbk' codec can't encode character '\xf6' in position 280: illegal multibyte sequence
2019-06-28 16:50:03,562 - root - ERROR - utils  - 152 - Teuful(cage-p16427)报错信息：保存失败
Traceback (most recent call last):
  File "C:\Users\BruceChen\Desktop\Demo\reviews\utils.py", line 161, in save_db
    c.execute(sql)
cx_Oracle.IntegrityError: ORA-00001: 违反唯一约束条件 (EIP.ECOMMERCE_REVIEW_PK)
2019-06-28 16:50:03,711 - root - ERROR - utils  - 152 - Teuful(cage-p16427)报错信息：保存失败
Traceback (most recent call last):
  File "C:\Users\BruceChen\Desktop\Demo\reviews\utils.py", line 161, in save_db
    c.execute(sql)
cx_Oracle.IntegrityError: ORA-00001: 违反唯一约束条件 (EIP.ECOMMERCE_REVIEW_PK)
2019-06-28 16:50:08,954 - root - ERROR - utils  - 152 - Teuful(cage-p16427)报错信息：保存失败
Traceback (most recent call last):
  File "C:\Users\BruceChen\Desktop\Demo\reviews\utils.py", line 161, in save_db
    c.execute(sql)
cx_Oracle.IntegrityError: ORA-00001: 违反唯一约束条件 (EIP.ECOMMERCE_REVIEW_PK)
2019-06-28 16:50:09,088 - root - ERROR - utils  - 152 - Teuful(cage-p16427)报错信息：保存失败
Traceback (most recent call last):
  File "C:\Users\BruceChen\Desktop\Demo\reviews\utils.py", line 161, in save_db
    c.execute(sql)
cx_Oracle.IntegrityError: ORA-00001: 违反唯一约束条件 (EIP.ECOMMERCE_REVIEW_PK)
2019-06-28 16:50:09,221 - root - ERROR - utils  - 152 - Teuful(cage-p16427)报错信息：保存失败
Traceback (most recent call last):
  File "C:\Users\BruceChen\Desktop\Demo\reviews\utils.py", line 161, in save_db
    c.execute(sql)
UnicodeEncodeError: 'gbk' codec can't encode character '\xe4' in position 255: illegal multibyte sequence
2019-06-28 16:50:09,358 - root - ERROR - utils  - 152 - Teuful(cage-p16427)报错信息：保存失败
Traceback (most recent call last):
  File "C:\Users\BruceChen\Desktop\Demo\reviews\utils.py", line 161, in save_db
    c.execute(sql)
UnicodeEncodeError: 'gbk' codec can't encode character '\xf6' in position 262: illegal multibyte sequence
2019-06-28 16:50:09,504 - root - ERROR - utils  - 152 - Teuful(cage-p16427)报错信息：保存失败
Traceback (most recent call last):
  File "C:\Users\BruceChen\Desktop\Demo\reviews\utils.py", line 161, in save_db
    c.execute(sql)
cx_Oracle.IntegrityError: ORA-00001: 违反唯一约束条件 (EIP.ECOMMERCE_REVIEW_PK)
